<?xml version="1.0" encoding="UTF-8"?>
<testng-results ignored="0" total="1" passed="1" failed="0" skipped="0">
  <reporter-output>
    <line>
      <![CDATA[Bajaj browser launched ]]>
    </line>
  </reporter-output>
  <suite started-at="2025-02-18T10:17:27 IST" name="Default suite" finished-at="2025-02-18T10:17:27 IST" duration-ms="46">
    <groups>
    </groups>
    <test started-at="2025-02-18T10:17:27 IST" name="Default test" finished-at="2025-02-18T10:17:27 IST" duration-ms="46">
      <class name="bikes.BajajTest">
        <test-method signature="launchWebsite()[pri:0, instance:bikes.BajajTest@74235045]" started-at="2025-02-18T10:17:27 IST" name="launchWebsite" finished-at="2025-02-18T10:17:27 IST" duration-ms="11" status="PASS">
          <reporter-output>
            <line>
              <![CDATA[Bajaj browser launched ]]>
            </line>
          </reporter-output>
        </test-method> <!-- launchWebsite -->
      </class> <!-- bikes.BajajTest -->
    </test> <!-- Default test -->
  </suite> <!-- Default suite -->
</testng-results>
